<?xml version="1.0" encoding="UTF-8"?>
<testsuite name="day02.DiveTest" tests="2" skipped="0" failures="0" errors="0" timestamp="2021-12-06T09:08:16" hostname="AT-ALYZMD6M" time="0.022">
  <properties/>
  <testcase name="part2_testExample()" classname="day02.DiveTest" time="0.021"/>
  <testcase name="part1_testExample()" classname="day02.DiveTest" time="0.0"/>
  <system-out><![CDATA[]]></system-out>
  <system-err><![CDATA[]]></system-err>
</testsuite>
